<?xml version="1.0" encoding="utf-8"?>
<coverage line-rate="0.9222" branch-rate="0.8887999999999999" version="1.9" timestamp="1771957614" lines-covered="2089" lines-valid="2265" branches-covered="96" branches-valid="108">
  <sources>
    <source>C:\Users\joao.mantovani\</source>
  </sources>
  <packages>
    <package name="F1.API" line-rate="0.7489" branch-rate="0.8887999999999999" complexity="206">
      <classes>
        <class name="Program" filename="Desktop\joao.mantovani\Backend\dotnet\desafio-02-api\F1.API\Program.cs" line-rate="0" branch-rate="0" complexity="2">
          <methods>
            <method name="&lt;Main&gt;$" signature="(System.String[])" line-rate="0" branch-rate="0" complexity="2">
              <lines>
                <line number="16" hits="0" branch="False" />
                <line number="18" hits="0" branch="False" />
                <line number="20" hits="0" branch="False" />
                <line number="21" hits="0" branch="False" />
                <line number="23" hits="0" branch="False" />
                <line number="24" hits="0" branch="False" />
                <line number="25" hits="0" branch="False" />
                <line number="26" hits="0" branch="False" />
                <line number="28" hits="0" branch="False" />
                <line number="29" hits="0" branch="False" />
                <line number="30" hits="0" branch="False" />
                <line number="31" hits="0" branch="False" />
                <line number="33" hits="0" branch="False" />
                <line number="34" hits="0" branch="False" />
                <line number="35" hits="0" branch="False" />
                <line number="36" hits="0" branch="False" />
                <line number="38" hits="0" branch="False" />
                <line number="39" hits="0" branch="False" />
                <line number="40" hits="0" branch="False" />
                <line number="41" hits="0" branch="False" />
                <line number="43" hits="0" branch="False" />
                <line number="45" hits="0" branch="False" />
                <line number="46" hits="0" branch="False" />
                <line number="48" hits="0" branch="False" />
                <line number="49" hits="0" branch="False" />
                <line number="50" hits="0" branch="False" />
                <line number="52" hits="0" branch="False" />
                <line number="54" hits="0" branch="False" />
                <line number="56" hits="0" branch="True" condition-coverage="0% (0/2)">
                  <conditions>
                    <condition number="413" type="jump" coverage="0%" />
                  </conditions>
                </line>
                <line number="57" hits="0" branch="False" />
                <line number="58" hits="0" branch="False" />
                <line number="59" hits="0" branch="False" />
                <line number="60" hits="0" branch="False" />
                <line number="62" hits="0" branch="False" />
                <line number="64" hits="0" branch="False" />
                <line number="66" hits="0" branch="False" />
                <line number="68" hits="0" branch="False" />
              </lines>
            </method>
          </methods>
          <lines>
            <line number="16" hits="0" branch="False" />
            <line number="18" hits="0" branch="False" />
            <line number="20" hits="0" branch="False" />
            <line number="21" hits="0" branch="False" />
            <line number="23" hits="0" branch="False" />
            <line number="24" hits="0" branch="False" />
            <line number="25" hits="0" branch="False" />
            <line number="26" hits="0" branch="False" />
            <line number="28" hits="0" branch="False" />
            <line number="29" hits="0" branch="False" />
            <line number="30" hits="0" branch="False" />
            <line number="31" hits="0" branch="False" />
            <line number="33" hits="0" branch="False" />
            <line number="34" hits="0" branch="False" />
            <line number="35" hits="0" branch="False" />
            <line number="36" hits="0" branch="False" />
            <line number="38" hits="0" branch="False" />
            <line number="39" hits="0" branch="False" />
            <line number="40" hits="0" branch="False" />
            <line number="41" hits="0" branch="False" />
            <line number="43" hits="0" branch="False" />
            <line number="45" hits="0" branch="False" />
            <line number="46" hits="0" branch="False" />
            <line number="48" hits="0" branch="False" />
            <line number="49" hits="0" branch="False" />
            <line number="50" hits="0" branch="False" />
            <line number="52" hits="0" branch="False" />
            <line number="54" hits="0" branch="False" />
            <line number="56" hits="0" branch="True" condition-coverage="0% (0/2)">
              <conditions>
                <condition number="413" type="jump" coverage="0%" />
              </conditions>
            </line>
            <line number="57" hits="0" branch="False" />
            <line number="58" hits="0" branch="False" />
            <line number="59" hits="0" branch="False" />
            <line number="60" hits="0" branch="False" />
            <line number="62" hits="0" branch="False" />
            <line number="64" hits="0" branch="False" />
            <line number="66" hits="0" branch="False" />
            <line number="68" hits="0" branch="False" />
          </lines>
        </class>
        <class name="F1.API.Services.RelatorioServices.Services.ReadRelatorioService" filename="Desktop\joao.mantovani\Backend\dotnet\desafio-02-api\F1.API\Services\RelatorioServices\Services\ReadRelatorioService.cs" line-rate="1" branch-rate="1" complexity="1">
          <methods>
            <method name=".ctor" signature="(F1.Lib.Interfaces.Especificas.Query.IPilotoQuery,F1.Lib.Interfaces.Especificas.Query.IEquipeQuery,F1.Lib.Interfaces.Especificas.Query.IGrandePremioQuery)" line-rate="1" branch-rate="1" complexity="1">
              <lines>
                <line number="13" hits="2" branch="False" />
                <line number="14" hits="2" branch="False" />
                <line number="15" hits="2" branch="False" />
                <line number="16" hits="2" branch="False" />
                <line number="17" hits="2" branch="False" />
                <line number="18" hits="2" branch="False" />
                <line number="19" hits="2" branch="False" />
              </lines>
            </method>
          </methods>
          <lines>
            <line number="13" hits="2" branch="False" />
            <line number="14" hits="2" branch="False" />
            <line number="15" hits="2" branch="False" />
            <line number="16" hits="2" branch="False" />
            <line number="17" hits="2" branch="False" />
            <line number="18" hits="2" branch="False" />
            <line number="19" hits="2" branch="False" />
          </lines>
        </class>
        <class name="F1.API.Services.RelatorioServices.Services.ReadRelatorioService/&lt;LerRelatorioGeralAsync&gt;d__4" filename="Desktop\joao.mantovani\Backend\dotnet\desafio-02-api\F1.API\Services\RelatorioServices\Services\ReadRelatorioService.cs" line-rate="1" branch-rate="1" complexity="6">
          <methods>
            <method name="MoveNext" signature="()" line-rate="1" branch-rate="1" complexity="6">
              <lines>
                <line number="22" hits="2" branch="False" />
                <line number="23" hits="2" branch="False" />
                <line number="24" hits="2" branch="False" />
                <line number="25" hits="2" branch="False" />
                <line number="26" hits="2" branch="False" />
                <line number="27" hits="2" branch="False" />
                <line number="28" hits="2" branch="False" />
                <line number="30" hits="2" branch="True" condition-coverage="100% (6/6)">
                  <conditions>
                    <condition number="1167" type="jump" coverage="100%" />
                    <condition number="1201" type="jump" coverage="100%" />
                    <condition number="1213" type="jump" coverage="100%" />
                  </conditions>
                </line>
                <line number="31" hits="2" branch="False" />
                <line number="32" hits="2" branch="False" />
                <line number="33" hits="2" branch="False" />
                <line number="34" hits="2" branch="False" />
                <line number="35" hits="2" branch="False" />
                <line number="36" hits="2" branch="False" />
                <line number="37" hits="2" branch="False" />
                <line number="38" hits="2" branch="False" />
                <line number="39" hits="2" branch="False" />
                <line number="40" hits="2" branch="False" />
                <line number="41" hits="2" branch="False" />
              </lines>
            </method>
          </methods>
          <lines>
            <line number="22" hits="2" branch="False" />
            <line number="23" hits="2" branch="False" />
            <line number="24" hits="2" branch="False" />
            <line number="25" hits="2" branch="False" />
            <line number="26" hits="2" branch="False" />
            <line number="27" hits="2" branch="False" />
            <line number="28" hits="2" branch="False" />
            <line number="30" hits="2" branch="True" condition-coverage="100% (6/6)">
              <conditions>
                <condition number="1167" type="jump" coverage="100%" />
                <condition number="1201" type="jump" coverage="100%" />
                <condition number="1213" type="jump" coverage="100%" />
              </conditions>
            </line>
            <line number="31" hits="2" branch="False" />
            <line number="32" hits="2" branch="False" />
            <line number="33" hits="2" branch="False" />
            <line number="34" hits="2" branch="False" />
            <line number="35" hits="2" branch="False" />
            <line number="36" hits="2" branch="False" />
            <line number="37" hits="2" branch="False" />
            <line number="38" hits="2" branch="False" />
            <line number="39" hits="2" branch="False" />
            <line number="40" hits="2" branch="False" />
            <line number="41" hits="2" branch="False" />
          </lines>
        </class>
        <class name="F1.API.Services.PilotoServices.Services.CreatePilotoService" filename="Desktop\joao.mantovani\Backend\dotnet\desafio-02-api\F1.API\Services\PilotoServices\Services\CreatePilotoService.cs" line-rate="1" branch-rate="1" complexity="1">
          <methods>
            <method name=".ctor" signature="(AutoMapper.IMapper,F1.Lib.Interfaces.Especificas.Query.IEquipeQuery,F1.Lib.Interfaces.Especificas.Query.IPilotoQuery,F1.Lib.Interfaces.Genericas.IRepositoryBase`1&lt;F1.Lib.Modelos.Piloto&gt;,F1.Lib.Interfaces.Genericas.IUnitOfWork)" line-rate="1" branch-rate="1" complexity="1">
              <lines>
                <line number="18" hits="16" branch="False" />
                <line number="19" hits="16" branch="False" />
                <line number="20" hits="16" branch="False" />
                <line number="21" hits="16" branch="False" />
                <line number="22" hits="16" branch="False" />
                <line number="23" hits="16" branch="False" />
                <line number="24" hits="16" branch="False" />
                <line number="25" hits="16" branch="False" />
                <line number="26" hits="16" branch="False" />
              </lines>
            </method>
          </methods>
          <lines>
            <line number="18" hits="16" branch="False" />
            <line number="19" hits="16" branch="False" />
            <line number="20" hits="16" branch="False" />
            <line number="21" hits="16" branch="False" />
            <line number="22" hits="16" branch="False" />
            <line number="23" hits="16" branch="False" />
            <line number="24" hits="16" branch="False" />
            <line number="25" hits="16" branch="False" />
            <line number="26" hits="16" branch="False" />
          </lines>
        </class>
        <class name="F1.API.Services.PilotoServices.Services.CreatePilotoService/&lt;AdicionarPilotoAsync&gt;d__6" filename="Desktop\joao.mantovani\Backend\dotnet\desafio-02-api\F1.API\Services\PilotoServices\Services\CreatePilotoService.cs" line-rate="1" branch-rate="1" complexity="6">
          <methods>
            <method name="MoveNext" signature="()" line-rate="1" branch-rate="1" complexity="6">
              <lines>
                <line number="29" hits="4" branch="False" />
                <line number="30" hits="4" branch="False" />
                <line number="32" hits="4" branch="True" condition-coverage="100% (2/2)">
                  <conditions>
                    <condition number="350" type="jump" coverage="100%" />
                  </conditions>
                </line>
                <line number="33" hits="1" branch="False" />
                <line number="35" hits="3" branch="False" />
                <line number="36" hits="3" branch="False" />
                <line number="37" hits="3" branch="False" />
                <line number="39" hits="3" branch="True" condition-coverage="100% (2/2)">
                  <conditions>
                    <condition number="714" type="jump" coverage="100%" />
                  </conditions>
                </line>
                <line number="40" hits="1" branch="False" />
                <line number="42" hits="2" branch="False" />
                <line number="44" hits="2" branch="False" />
                <line number="46" hits="2" branch="False" />
                <line number="48" hits="3" branch="True" condition-coverage="100% (2/2)">
                  <conditions>
                    <condition number="1078" type="jump" coverage="100%" />
                  </conditions>
                </line>
                <line number="50" hits="1" branch="False" />
                <line number="51" hits="1" branch="False" />
              </lines>
            </method>
          </methods>
          <lines>
            <line number="29" hits="4" branch="False" />
            <line number="30" hits="4" branch="False" />
            <line number="32" hits="4" branch="True" condition-coverage="100% (2/2)">
              <conditions>
                <condition number="350" type="jump" coverage="100%" />
              </conditions>
            </line>
            <line number="33" hits="1" branch="False" />
            <line number="35" hits="3" branch="False" />
            <line number="36" hits="3" branch="False" />
            <line number="37" hits="3" branch="False" />
            <line number="39" hits="3" branch="True" condition-coverage="100% (2/2)">
              <conditions>
                <condition number="714" type="jump" coverage="100%" />
              </conditions>
            </line>
            <line number="40" hits="1" branch="False" />
            <line number="42" hits="2" branch="False" />
            <line number="44" hits="2" branch="False" />
            <line number="46" hits="2" branch="False" />
            <line number="48" hits="3" branch="True" condition-coverage="100% (2/2)">
              <conditions>
                <condition number="1078" type="jump" coverage="100%" />
              </conditions>
            </line>
            <line number="50" hits="1" branch="False" />
            <line number="51" hits="1" branch="False" />
          </lines>
        </class>
        <class name="F1.API.Services.PilotoServices.Services.DeletePilotoService" filename="Desktop\joao.mantovani\Backend\dotnet\desafio-02-api\F1.API\Services\PilotoServices\Services\DeletePilotoService.cs" line-rate="1" branch-rate="1" complexity="1">
          <methods>
            <method name=".ctor" signature="(F1.Lib.Interfaces.Especificas.Query.IPilotoQuery,F1.Lib.Interfaces.Genericas.IRepositoryBase`1&lt;F1.Lib.Modelos.Piloto&gt;,F1.Lib.Interfaces.Genericas.IUnitOfWork)" line-rate="1" branch-rate="1" complexity="1">
              <lines>
                <line number="14" hits="16" branch="False" />
                <line number="15" hits="16" branch="False" />
                <line number="16" hits="16" branch="False" />
                <line number="17" hits="16" branch="False" />
                <line number="18" hits="16" branch="False" />
                <line number="19" hits="16" branch="False" />
              </lines>
            </method>
          </methods>
          <lines>
            <line number="14" hits="16" branch="False" />
            <line number="15" hits="16" branch="False" />
            <line number="16" hits="16" branch="False" />
            <line number="17" hits="16" branch="False" />
            <line number="18" hits="16" branch="False" />
            <line number="19" hits="16" branch="False" />
          </lines>
        </class>
        <class name="F1.API.Services.PilotoServices.Services.DeletePilotoService/&lt;DeletarPilotoAsync&gt;d__4" filename="Desktop\joao.mantovani\Backend\dotnet\desafio-02-api\F1.API\Services\PilotoServices\Services\DeletePilotoService.cs" line-rate="1" branch-rate="1" complexity="2">
          <methods>
            <method name="MoveNext" signature="()" line-rate="1" branch-rate="1" complexity="2">
              <lines>
                <line number="22" hits="3" branch="False" />
                <line number="23" hits="3" branch="False" />
                <line number="25" hits="4" branch="True" condition-coverage="100% (2/2)">
                  <conditions>
                    <condition number="304" type="jump" coverage="100%" />
                  </conditions>
                </line>
                <line number="27" hits="2" branch="False" />
                <line number="29" hits="2" branch="False" />
                <line number="30" hits="3" branch="False" />
              </lines>
            </method>
          </methods>
          <lines>
            <line number="22" hits="3" branch="False" />
            <line number="23" hits="3" branch="False" />
            <line number="25" hits="4" branch="True" condition-coverage="100% (2/2)">
              <conditions>
                <condition number="304" type="jump" coverage="100%" />
              </conditions>
            </line>
            <line number="27" hits="2" branch="False" />
            <line number="29" hits="2" branch="False" />
            <line number="30" hits="3" branch="False" />
          </lines>
        </class>
        <class name="F1.API.Services.PilotoServices.Services.ReadPilotoService" filename="Desktop\joao.mantovani\Backend\dotnet\desafio-02-api\F1.API\Services\PilotoServices\Services\ReadPilotoService.cs" line-rate="1" branch-rate="1" complexity="1">
          <methods>
            <method name=".ctor" signature="(AutoMapper.IMapper,F1.Lib.Interfaces.Especificas.Query.IPilotoQuery)" line-rate="1" branch-rate="1" complexity="1">
              <lines>
                <line number="14" hits="16" branch="False" />
                <line number="15" hits="16" branch="False" />
                <line number="16" hits="16" branch="False" />
                <line number="17" hits="16" branch="False" />
                <line number="18" hits="16" branch="False" />
              </lines>
            </method>
          </methods>
          <lines>
            <line number="14" hits="16" branch="False" />
            <line number="15" hits="16" branch="False" />
            <line number="16" hits="16" branch="False" />
            <line number="17" hits="16" branch="False" />
            <line number="18" hits="16" branch="False" />
          </lines>
        </class>
        <class name="F1.API.Services.PilotoServices.Services.ReadPilotoService/&lt;LerPilotoPorIdAsync&gt;d__3" filename="Desktop\joao.mantovani\Backend\dotnet\desafio-02-api\F1.API\Services\PilotoServices\Services\ReadPilotoService.cs" line-rate="1" branch-rate="1" complexity="2">
          <methods>
            <method name="MoveNext" signature="()" line-rate="1" branch-rate="1" complexity="2">
              <lines>
                <line number="21" hits="2" branch="False" />
                <line number="22" hits="2" branch="False" />
                <line number="24" hits="2" branch="True" condition-coverage="100% (2/2)">
                  <conditions>
                    <condition number="407" type="jump" coverage="100%" />
                  </conditions>
                </line>
                <line number="25" hits="2" branch="False" />
                <line number="26" hits="2" branch="False" />
                <line number="27" hits="2" branch="False" />
              </lines>
            </method>
          </methods>
          <lines>
            <line number="21" hits="2" branch="False" />
            <line number="22" hits="2" branch="False" />
            <line number="24" hits="2" branch="True" condition-coverage="100% (2/2)">
              <conditions>
                <condition number="407" type="jump" coverage="100%" />
              </conditions>
            </line>
            <line number="25" hits="2" branch="False" />
            <line number="26" hits="2" branch="False" />
            <line number="27" hits="2" branch="False" />
          </lines>
        </class>
        <class name="F1.API.Services.PilotoServices.Services.ReadPilotoService/&lt;LerPilotosAsync&gt;d__4" filename="Desktop\joao.mantovani\Backend\dotnet\desafio-02-api\F1.API\Services\PilotoServices\Services\ReadPilotoService.cs" line-rate="1" branch-rate="1" complexity="1">
          <methods>
            <method name="MoveNext" signature="()" line-rate="1" branch-rate="1" complexity="1">
              <lines>
                <line number="30" hits="2" branch="False" />
                <line number="31" hits="2" branch="False" />
                <line number="33" hits="2" branch="False" />
                <line number="34" hits="2" branch="False" />
              </lines>
            </method>
          </methods>
          <lines>
            <line number="30" hits="2" branch="False" />
            <line number="31" hits="2" branch="False" />
            <line number="33" hits="2" branch="False" />
            <line number="34" hits="2" branch="False" />
          </lines>
        </class>
        <class name="F1.API.Services.PilotoServices.Services.UpdatePilotoService" filename="Desktop\joao.mantovani\Backend\dotnet\desafio-02-api\F1.API\Services\PilotoServices\Services\UpdatePilotoService.cs" line-rate="1" branch-rate="1" complexity="1">
          <methods>
            <method name=".ctor" signature="(AutoMapper.IMapper,F1.Lib.Interfaces.Especificas.Query.IEquipeQuery,F1.Lib.Interfaces.Especificas.Query.IPilotoQuery,F1.Lib.Interfaces.Genericas.IRepositoryBase`1&lt;F1.Lib.Modelos.Piloto&gt;,F1.Lib.Interfaces.Genericas.IUnitOfWork)" line-rate="1" branch-rate="1" complexity="1">
              <lines>
                <line number="18" hits="16" branch="False" />
                <line number="19" hits="16" branch="False" />
                <line number="20" hits="16" branch="False" />
                <line number="21" hits="16" branch="False" />
                <line number="22" hits="16" branch="False" />
                <line number="23" hits="16" branch="False" />
                <line number="24" hits="16" branch="False" />
                <line number="25" hits="16" branch="False" />
                <line number="26" hits="16" branch="False" />
              </lines>
            </method>
          </methods>
          <lines>
            <line number="18" hits="16" branch="False" />
            <line number="19" hits="16" branch="False" />
            <line number="20" hits="16" branch="False" />
            <line number="21" hits="16" branch="False" />
            <line number="22" hits="16" branch="False" />
            <line number="23" hits="16" branch="False" />
            <line number="24" hits="16" branch="False" />
            <line number="25" hits="16" branch="False" />
            <line number="26" hits="16" branch="False" />
          </lines>
        </class>
        <class name="F1.API.Services.PilotoServices.Services.UpdatePilotoService/&lt;AtualizarPilotoAsync&gt;d__6" filename="Desktop\joao.mantovani\Backend\dotnet\desafio-02-api\F1.API\Services\PilotoServices\Services\UpdatePilotoService.cs" line-rate="1" branch-rate="1" complexity="8">
          <methods>
            <method name="MoveNext" signature="()" line-rate="1" branch-rate="1" complexity="8">
              <lines>
                <line number="29" hits="5" branch="False" />
                <line number="30" hits="5" branch="False" />
                <line number="32" hits="5" branch="True" condition-coverage="100% (2/2)">
                  <conditions>
                    <condition number="367" type="jump" coverage="100%" />
                  </conditions>
                </line>
                <line number="33" hits="1" branch="False" />
                <line number="35" hits="4" branch="False" />
                <line number="37" hits="5" branch="True" condition-coverage="100% (2/2)">
                  <conditions>
                    <condition number="692" type="jump" coverage="100%" />
                  </conditions>
                </line>
                <line number="39" hits="3" branch="True" condition-coverage="100% (2/2)">
                  <conditions>
                    <condition number="737" type="jump" coverage="100%" />
                  </conditions>
                </line>
                <line number="40" hits="2" branch="False" />
                <line number="41" hits="2" branch="False" />
                <line number="42" hits="2" branch="False" />
                <line number="43" hits="2" branch="False" />
                <line number="45" hits="2" branch="True" condition-coverage="100% (2/2)">
                  <conditions>
                    <condition number="1099" type="jump" coverage="100%" />
                  </conditions>
                </line>
                <line number="46" hits="1" branch="False" />
                <line number="47" hits="1" branch="False" />
                <line number="49" hits="2" branch="False" />
                <line number="51" hits="2" branch="False" />
                <line number="53" hits="2" branch="False" />
                <line number="54" hits="3" branch="False" />
              </lines>
            </method>
          </methods>
          <lines>
            <line number="29" hits="5" branch="False" />
            <line number="30" hits="5" branch="False" />
            <line number="32" hits="5" branch="True" condition-coverage="100% (2/2)">
              <conditions>
                <condition number="367" type="jump" coverage="100%" />
              </conditions>
            </line>
            <line number="33" hits="1" branch="False" />
            <line number="35" hits="4" branch="False" />
            <line number="37" hits="5" branch="True" condition-coverage="100% (2/2)">
              <conditions>
                <condition number="692" type="jump" coverage="100%" />
              </conditions>
            </line>
            <line number="39" hits="3" branch="True" condition-coverage="100% (2/2)">
              <conditions>
                <condition number="737" type="jump" coverage="100%" />
              </conditions>
            </line>
            <line number="40" hits="2" branch="False" />
            <line number="41" hits="2" branch="False" />
            <line number="42" hits="2" branch="False" />
            <line number="43" hits="2" branch="False" />
            <line number="45" hits="2" branch="True" condition-coverage="100% (2/2)">
              <conditions>
                <condition number="1099" type="jump" coverage="100%" />
              </conditions>
            </line>
            <line number="46" hits="1" branch="False" />
            <line number="47" hits="1" branch="False" />
            <line number="49" hits="2" branch="False" />
            <line number="51" hits="2" branch="False" />
            <line number="53" hits="2" branch="False" />
            <line number="54" hits="3" branch="False" />
          </lines>
        </class>
        <class name="F1.API.Services.GpServices.Services.CreateGrandePremioService" filename="Desktop\joao.mantovani\Backend\dotnet\desafio-02-api\F1.API\Services\GpServices\Services\CreateGrandePremioService.cs" line-rate="1" branch-rate="1" complexity="1">
          <methods>
            <method name=".ctor" signature="(AutoMapper.IMapper,F1.Lib.Interfaces.Especificas.Query.IPilotoQuery,F1.Lib.Interfaces.Especificas.Query.IGrandePremioQuery,F1.Lib.Interfaces.Genericas.IRepositoryBase`1&lt;F1.Lib.Modelos.GrandePremio&gt;,F1.Lib.Interfaces.Genericas.IUnitOfWork)" line-rate="1" branch-rate="1" complexity="1">
              <lines>
                <line number="19" hits="17" branch="False" />
                <line number="20" hits="17" branch="False" />
                <line number="21" hits="17" branch="False" />
                <line number="22" hits="17" branch="False" />
                <line number="23" hits="17" branch="False" />
                <line number="24" hits="17" branch="False" />
                <line number="25" hits="17" branch="False" />
                <line number="26" hits="17" branch="False" />
                <line number="27" hits="17" branch="False" />
              </lines>
            </method>
          </methods>
          <lines>
            <line number="19" hits="17" branch="False" />
            <line number="20" hits="17" branch="False" />
            <line number="21" hits="17" branch="False" />
            <line number="22" hits="17" branch="False" />
            <line number="23" hits="17" branch="False" />
            <line number="24" hits="17" branch="False" />
            <line number="25" hits="17" branch="False" />
            <line number="26" hits="17" branch="False" />
            <line number="27" hits="17" branch="False" />
          </lines>
        </class>
        <class name="F1.API.Services.GpServices.Services.CreateGrandePremioService/&lt;AdicionarGPAsync&gt;d__6" filename="Desktop\joao.mantovani\Backend\dotnet\desafio-02-api\F1.API\Services\GpServices\Services\CreateGrandePremioService.cs" line-rate="1" branch-rate="1" complexity="8">
          <methods>
            <method name="MoveNext" signature="()" line-rate="1" branch-rate="1" complexity="8">
              <lines>
                <line number="30" hits="4" branch="False" />
                <line number="31" hits="4" branch="True" condition-coverage="100% (2/2)">
                  <conditions>
                    <condition number="106" type="jump" coverage="100%" />
                  </conditions>
                </line>
                <line number="32" hits="2" branch="False" />
                <line number="33" hits="2" branch="False" />
                <line number="34" hits="2" branch="False" />
                <line number="36" hits="2" branch="True" condition-coverage="100% (2/2)">
                  <conditions>
                    <condition number="413" type="jump" coverage="100%" />
                  </conditions>
                </line>
                <line number="37" hits="1" branch="False" />
                <line number="38" hits="1" branch="False" />
                <line number="40" hits="3" branch="False" />
                <line number="41" hits="3" branch="False" />
                <line number="42" hits="3" branch="False" />
                <line number="44" hits="4" branch="True" condition-coverage="100% (2/2)">
                  <conditions>
                    <condition number="858" type="jump" coverage="100%" />
                  </conditions>
                </line>
                <line number="46" hits="2" branch="False" />
                <line number="48" hits="2" branch="False" />
                <line number="50" hits="2" branch="False" />
                <line number="52" hits="3" branch="True" condition-coverage="100% (2/2)">
                  <conditions>
                    <condition number="1160" type="jump" coverage="100%" />
                  </conditions>
                </line>
                <line number="54" hits="1" branch="False" />
                <line number="55" hits="1" branch="False" />
              </lines>
            </method>
          </methods>
          <lines>
            <line number="30" hits="4" branch="False" />
            <line number="31" hits="4" branch="True" condition-coverage="100% (2/2)">
              <conditions>
                <condition number="106" type="jump" coverage="100%" />
              </conditions>
            </line>
            <line number="32" hits="2" branch="False" />
            <line number="33" hits="2" branch="False" />
            <line number="34" hits="2" branch="False" />
            <line number="36" hits="2" branch="True" condition-coverage="100% (2/2)">
              <conditions>
                <condition number="413" type="jump" coverage="100%" />
              </conditions>
            </line>
            <line number="37" hits="1" branch="False" />
            <line number="38" hits="1" branch="False" />
            <line number="40" hits="3" branch="False" />
            <line number="41" hits="3" branch="False" />
            <line number="42" hits="3" branch="False" />
            <line number="44" hits="4" branch="True" condition-coverage="100% (2/2)">
              <conditions>
                <condition number="858" type="jump" coverage="100%" />
              </conditions>
            </line>
            <line number="46" hits="2" branch="False" />
            <line number="48" hits="2" branch="False" />
            <line number="50" hits="2" branch="False" />
            <line number="52" hits="3" branch="True" condition-coverage="100% (2/2)">
              <conditions>
                <condition number="1160" type="jump" coverage="100%" />
              </conditions>
            </line>
            <line number="54" hits="1" branch="False" />
            <line number="55" hits="1" branch="False" />
          </lines>
        </class>
        <class name="F1.API.Services.GpServices.Services.DeleteGrandePremioService" filename="Desktop\joao.mantovani\Backend\dotnet\desafio-02-api\F1.API\Services\GpServices\Services\DeleteGrandePremioService.cs" line-rate="1" branch-rate="1" complexity="1">
          <methods>
            <method name=".ctor" signature="(F1.Lib.Interfaces.Especificas.Query.IGrandePremioQuery,F1.Lib.Interfaces.Genericas.IRepositoryBase`1&lt;F1.Lib.Modelos.GrandePremio&gt;,F1.Lib.Interfaces.Genericas.IUnitOfWork)" line-rate="1" branch-rate="1" complexity="1">
              <lines>
                <line number="14" hits="17" branch="False" />
                <line number="15" hits="17" branch="False" />
                <line number="16" hits="17" branch="False" />
                <line number="17" hits="17" branch="False" />
                <line number="18" hits="17" branch="False" />
                <line number="19" hits="17" branch="False" />
                <line number="20" hits="17" branch="False" />
              </lines>
            </method>
          </methods>
          <lines>
            <line number="14" hits="17" branch="False" />
            <line number="15" hits="17" branch="False" />
            <line number="16" hits="17" branch="False" />
            <line number="17" hits="17" branch="False" />
            <line number="18" hits="17" branch="False" />
            <line number="19" hits="17" branch="False" />
            <line number="20" hits="17" branch="False" />
          </lines>
        </class>
        <class name="F1.API.Services.GpServices.Services.DeleteGrandePremioService/&lt;DeletarGPAsync&gt;d__4" filename="Desktop\joao.mantovani\Backend\dotnet\desafio-02-api\F1.API\Services\GpServices\Services\DeleteGrandePremioService.cs" line-rate="1" branch-rate="1" complexity="4">
          <methods>
            <method name="MoveNext" signature="()" line-rate="1" branch-rate="1" complexity="4">
              <lines>
                <line number="23" hits="4" branch="False" />
                <line number="24" hits="4" branch="False" />
                <line number="25" hits="4" branch="False" />
                <line number="26" hits="4" branch="False" />
                <line number="28" hits="5" branch="True" condition-coverage="100% (2/2)">
                  <conditions>
                    <condition number="365" type="jump" coverage="100%" />
                  </conditions>
                </line>
                <line number="30" hits="3" branch="True" condition-coverage="100% (2/2)">
                  <conditions>
                    <condition number="395" type="jump" coverage="100%" />
                  </conditions>
                </line>
                <line number="31" hits="1" branch="False" />
                <line number="33" hits="2" branch="False" />
                <line number="35" hits="2" branch="False" />
                <line number="36" hits="3" branch="False" />
              </lines>
            </method>
          </methods>
          <lines>
            <line number="23" hits="4" branch="False" />
            <line number="24" hits="4" branch="False" />
            <line number="25" hits="4" branch="False" />
            <line number="26" hits="4" branch="False" />
            <line number="28" hits="5" branch="True" condition-coverage="100% (2/2)">
              <conditions>
                <condition number="365" type="jump" coverage="100%" />
              </conditions>
            </line>
            <line number="30" hits="3" branch="True" condition-coverage="100% (2/2)">
              <conditions>
                <condition number="395" type="jump" coverage="100%" />
              </conditions>
            </line>
            <line number="31" hits="1" branch="False" />
            <line number="33" hits="2" branch="False" />
            <line number="35" hits="2" branch="False" />
            <line number="36" hits="3" branch="False" />
          </lines>
        </class>
        <class name="F1.API.Services.GpServices.Services.ReadGrandePremioService" filename="Desktop\joao.mantovani\Backend\dotnet\desafio-02-api\F1.API\Services\GpServices\Services\ReadGrandePremioService.cs" line-rate="1" branch-rate="1" complexity="1">
          <methods>
            <method name=".ctor" signature="(AutoMapper.IMapper,F1.Lib.Interfaces.Especificas.Query.IGrandePremioQuery)" line-rate="1" branch-rate="1" complexity="1">
              <lines>
                <line number="13" hits="17" branch="False" />
                <line number="14" hits="17" branch="False" />
                <line number="15" hits="17" branch="False" />
                <line number="16" hits="17" branch="False" />
                <line number="17" hits="17" branch="False" />
              </lines>
            </method>
          </methods>
          <lines>
            <line number="13" hits="17" branch="False" />
            <line number="14" hits="17" branch="False" />
            <line number="15" hits="17" branch="False" />
            <line number="16" hits="17" branch="False" />
            <line number="17" hits="17" branch="False" />
          </lines>
        </class>
        <class name="F1.API.Services.GpServices.Services.ReadGrandePremioService/&lt;LerGPPorIdAsync&gt;d__3" filename="Desktop\joao.mantovani\Backend\dotnet\desafio-02-api\F1.API\Services\GpServices\Services\ReadGrandePremioService.cs" line-rate="1" branch-rate="1" complexity="2">
          <methods>
            <method name="MoveNext" signature="()" line-rate="1" branch-rate="1" complexity="2">
              <lines>
                <line number="20" hits="2" branch="False" />
                <line number="21" hits="2" branch="False" />
                <line number="23" hits="2" branch="True" condition-coverage="100% (2/2)">
                  <conditions>
                    <condition number="347" type="jump" coverage="100%" />
                  </conditions>
                </line>
                <line number="24" hits="2" branch="False" />
                <line number="25" hits="2" branch="False" />
                <line number="26" hits="2" branch="False" />
              </lines>
            </method>
          </methods>
          <lines>
            <line number="20" hits="2" branch="False" />
            <line number="21" hits="2" branch="False" />
            <line number="23" hits="2" branch="True" condition-coverage="100% (2/2)">
              <conditions>
                <condition number="347" type="jump" coverage="100%" />
              </conditions>
            </line>
            <line number="24" hits="2" branch="False" />
            <line number="25" hits="2" branch="False" />
            <line number="26" hits="2" branch="False" />
          </lines>
        </class>
        <class name="F1.API.Services.GpServices.Services.ReadGrandePremioService/&lt;LerGPsAsync&gt;d__4" filename="Desktop\joao.mantovani\Backend\dotnet\desafio-02-api\F1.API\Services\GpServices\Services\ReadGrandePremioService.cs" line-rate="1" branch-rate="1" complexity="1">
          <methods>
            <method name="MoveNext" signature="()" line-rate="1" branch-rate="1" complexity="1">
              <lines>
                <line number="29" hits="2" branch="False" />
                <line number="30" hits="2" branch="False" />
                <line number="32" hits="2" branch="False" />
                <line number="33" hits="2" branch="False" />
              </lines>
            </method>
          </methods>
          <lines>
            <line number="29" hits="2" branch="False" />
            <line number="30" hits="2" branch="False" />
            <line number="32" hits="2" branch="False" />
            <line number="33" hits="2" branch="False" />
          </lines>
        </class>
        <class name="F1.API.Services.GpServices.Services.UpdateGrandePremioService" filename="Desktop\joao.mantovani\Backend\dotnet\desafio-02-api\F1.API\Services\GpServices\Services\UpdateGrandePremioService.cs" line-rate="1" branch-rate="1" complexity="1">
          <methods>
            <method name=".ctor" signature="(AutoMapper.IMapper,F1.Lib.Interfaces.Especificas.Query.IPilotoQuery,F1.Lib.Interfaces.Especificas.Query.IGrandePremioQuery,F1.Lib.Interfaces.Genericas.IRepositoryBase`1&lt;F1.Lib.Modelos.GrandePremio&gt;,F1.Lib.Interfaces.Genericas.IUnitOfWork)" line-rate="1" branch-rate="1" complexity="1">
              <lines>
                <line number="19" hits="17" branch="False" />
                <line number="20" hits="17" branch="False" />
                <line number="21" hits="17" branch="False" />
                <line number="22" hits="17" branch="False" />
                <line number="23" hits="17" branch="False" />
                <line number="24" hits="17" branch="False" />
                <line number="25" hits="17" branch="False" />
                <line number="26" hits="17" branch="False" />
                <line number="27" hits="17" branch="False" />
              </lines>
            </method>
          </methods>
          <lines>
            <line number="19" hits="17" branch="False" />
            <line number="20" hits="17" branch="False" />
            <line number="21" hits="17" branch="False" />
            <line number="22" hits="17" branch="False" />
            <line number="23" hits="17" branch="False" />
            <line number="24" hits="17" branch="False" />
            <line number="25" hits="17" branch="False" />
            <line number="26" hits="17" branch="False" />
            <line number="27" hits="17" branch="False" />
          </lines>
        </class>
        <class name="F1.API.Services.GpServices.Services.UpdateGrandePremioService/&lt;AtualizarGPAsync&gt;d__6" filename="Desktop\joao.mantovani\Backend\dotnet\desafio-02-api\F1.API\Services\GpServices\Services\UpdateGrandePremioService.cs" line-rate="1" branch-rate="1" complexity="10">
          <methods>
            <method name="MoveNext" signature="()" line-rate="1" branch-rate="1" complexity="10">
              <lines>
                <line number="30" hits="5" branch="False" />
                <line number="31" hits="5" branch="True" condition-coverage="100% (2/2)">
                  <conditions>
                    <condition number="123" type="jump" coverage="100%" />
                  </conditions>
                </line>
                <line number="32" hits="2" branch="False" />
                <line number="33" hits="2" branch="False" />
                <line number="34" hits="2" branch="False" />
                <line number="36" hits="2" branch="True" condition-coverage="100% (2/2)">
                  <conditions>
                    <condition number="430" type="jump" coverage="100%" />
                  </conditions>
                </line>
                <line number="37" hits="1" branch="False" />
                <line number="38" hits="1" branch="False" />
                <line number="40" hits="4" branch="False" />
                <line number="42" hits="5" branch="True" condition-coverage="100% (2/2)">
                  <conditions>
                    <condition number="759" type="jump" coverage="100%" />
                  </conditions>
                </line>
                <line number="44" hits="3" branch="True" condition-coverage="100% (2/2)">
                  <conditions>
                    <condition number="813" type="jump" coverage="100%" />
                  </conditions>
                </line>
                <line number="45" hits="3" branch="False" />
                <line number="46" hits="3" branch="False" />
                <line number="47" hits="3" branch="False" />
                <line number="48" hits="3" branch="False" />
                <line number="49" hits="3" branch="False" />
                <line number="51" hits="3" branch="True" condition-coverage="100% (2/2)">
                  <conditions>
                    <condition number="1256" type="jump" coverage="100%" />
                  </conditions>
                </line>
                <line number="52" hits="1" branch="False" />
                <line number="53" hits="2" branch="False" />
                <line number="55" hits="2" branch="False" />
                <line number="57" hits="2" branch="False" />
                <line number="59" hits="2" branch="False" />
                <line number="60" hits="3" branch="False" />
              </lines>
            </method>
          </methods>
          <lines>
            <line number="30" hits="5" branch="False" />
            <line number="31" hits="5" branch="True" condition-coverage="100% (2/2)">
              <conditions>
                <condition number="123" type="jump" coverage="100%" />
              </conditions>
            </line>
            <line number="32" hits="2" branch="False" />
            <line number="33" hits="2" branch="False" />
            <line number="34" hits="2" branch="False" />
            <line number="36" hits="2" branch="True" condition-coverage="100% (2/2)">
              <conditions>
                <condition number="430" type="jump" coverage="100%" />
              </conditions>
            </line>
            <line number="37" hits="1" branch="False" />
            <line number="38" hits="1" branch="False" />
            <line number="40" hits="4" branch="False" />
            <line number="42" hits="5" branch="True" condition-coverage="100% (2/2)">
              <conditions>
                <condition number="759" type="jump" coverage="100%" />
              </conditions>
            </line>
            <line number="44" hits="3" branch="True" condition-coverage="100% (2/2)">
              <conditions>
                <condition number="813" type="jump" coverage="100%" />
              </conditions>
            </line>
            <line number="45" hits="3" branch="False" />
            <line number="46" hits="3" branch="False" />
            <line number="47" hits="3" branch="False" />
            <line number="48" hits="3" branch="False" />
            <line number="49" hits="3" branch="False" />
            <line number="51" hits="3" branch="True" condition-coverage="100% (2/2)">
              <conditions>
                <condition number="1256" type="jump" coverage="100%" />
              </conditions>
            </line>
            <line number="52" hits="1" branch="False" />
            <line number="53" hits="2" branch="False" />
            <line number="55" hits="2" branch="False" />
            <line number="57" hits="2" branch="False" />
            <line number="59" hits="2" branch="False" />
            <line number="60" hits="3" branch="False" />
          </lines>
        </class>
        <class name="F1.API.Services.EquipeServices.Services.CreateEquipeService" filename="Desktop\joao.mantovani\Backend\dotnet\desafio-02-api\F1.API\Services\EquipeServices\Services\CreateEquipeService.cs" line-rate="1" branch-rate="1" complexity="1">
          <methods>
            <method name=".ctor" signature="(AutoMapper.IMapper,F1.Lib.Interfaces.Especificas.Query.IEquipeQuery,F1.Lib.Interfaces.Genericas.IRepositoryBase`1&lt;F1.Lib.Modelos.Equipe&gt;,F1.Lib.Interfaces.Genericas.IUnitOfWork)" line-rate="1" branch-rate="1" complexity="1">
              <lines>
                <line number="18" hits="16" branch="False" />
                <line number="19" hits="16" branch="False" />
                <line number="20" hits="16" branch="False" />
                <line number="21" hits="16" branch="False" />
                <line number="22" hits="16" branch="False" />
                <line number="23" hits="16" branch="False" />
                <line number="24" hits="16" branch="False" />
                <line number="25" hits="16" branch="False" />
              </lines>
            </method>
          </methods>
          <lines>
            <line number="18" hits="16" branch="False" />
            <line number="19" hits="16" branch="False" />
            <line number="20" hits="16" branch="False" />
            <line number="21" hits="16" branch="False" />
            <line number="22" hits="16" branch="False" />
            <line number="23" hits="16" branch="False" />
            <line number="24" hits="16" branch="False" />
            <line number="25" hits="16" branch="False" />
          </lines>
        </class>
        <class name="F1.API.Services.EquipeServices.Services.CreateEquipeService/&lt;AdicionarEquipeAsync&gt;d__5" filename="Desktop\joao.mantovani\Backend\dotnet\desafio-02-api\F1.API\Services\EquipeServices\Services\CreateEquipeService.cs" line-rate="1" branch-rate="1" complexity="4">
          <methods>
            <method name="MoveNext" signature="()" line-rate="1" branch-rate="1" complexity="4">
              <lines>
                <line number="28" hits="3" branch="False" />
                <line number="29" hits="3" branch="False" />
                <line number="30" hits="3" branch="False" />
                <line number="31" hits="3" branch="False" />
                <line number="33" hits="4" branch="True" condition-coverage="100% (2/2)">
                  <conditions>
                    <condition number="434" type="jump" coverage="100%" />
                  </conditions>
                </line>
                <line number="35" hits="2" branch="False" />
                <line number="37" hits="2" branch="False" />
                <line number="39" hits="2" branch="False" />
                <line number="41" hits="3" branch="True" condition-coverage="100% (2/2)">
                  <conditions>
                    <condition number="762" type="jump" coverage="100%" />
                  </conditions>
                </line>
                <line number="43" hits="1" branch="False" />
                <line number="44" hits="1" branch="False" />
              </lines>
            </method>
          </methods>
          <lines>
            <line number="28" hits="3" branch="False" />
            <line number="29" hits="3" branch="False" />
            <line number="30" hits="3" branch="False" />
            <line number="31" hits="3" branch="False" />
            <line number="33" hits="4" branch="True" condition-coverage="100% (2/2)">
              <conditions>
                <condition number="434" type="jump" coverage="100%" />
              </conditions>
            </line>
            <line number="35" hits="2" branch="False" />
            <line number="37" hits="2" branch="False" />
            <line number="39" hits="2" branch="False" />
            <line number="41" hits="3" branch="True" condition-coverage="100% (2/2)">
              <conditions>
                <condition number="762" type="jump" coverage="100%" />
              </conditions>
            </line>
            <line number="43" hits="1" branch="False" />
            <line number="44" hits="1" branch="False" />
          </lines>
        </class>
        <class name="F1.API.Services.EquipeServices.Services.DeleteEquipeService" filename="Desktop\joao.mantovani\Backend\dotnet\desafio-02-api\F1.API\Services\EquipeServices\Services\DeleteEquipeService.cs" line-rate="1" branch-rate="1" complexity="1">
          <methods>
            <method name=".ctor" signature="(F1.Lib.Interfaces.Especificas.Query.IEquipeQuery,F1.Lib.Interfaces.Genericas.IRepositoryBase`1&lt;F1.Lib.Modelos.Equipe&gt;,F1.Lib.Interfaces.Genericas.IUnitOfWork)" line-rate="1" branch-rate="1" complexity="1">
              <lines>
                <line number="14" hits="16" branch="False" />
                <line number="15" hits="16" branch="False" />
                <line number="16" hits="16" branch="False" />
                <line number="17" hits="16" branch="False" />
                <line number="18" hits="16" branch="False" />
                <line number="19" hits="16" branch="False" />
              </lines>
            </method>
          </methods>
          <lines>
            <line number="14" hits="16" branch="False" />
            <line number="15" hits="16" branch="False" />
            <line number="16" hits="16" branch="False" />
            <line number="17" hits="16" branch="False" />
            <line number="18" hits="16" branch="False" />
            <line number="19" hits="16" branch="False" />
          </lines>
        </class>
        <class name="F1.API.Services.EquipeServices.Services.DeleteEquipeService/&lt;DeletarEquipeAsync&gt;d__4" filename="Desktop\joao.mantovani\Backend\dotnet\desafio-02-api\F1.API\Services\EquipeServices\Services\DeleteEquipeService.cs" line-rate="1" branch-rate="1" complexity="6">
          <methods>
            <method name="MoveNext" signature="()" line-rate="1" branch-rate="1" complexity="6">
              <lines>
                <line number="22" hits="5" branch="False" />
                <line number="23" hits="5" branch="False" />
                <line number="24" hits="5" branch="False" />
                <line number="25" hits="5" branch="False" />
                <line number="27" hits="6" branch="True" condition-coverage="100% (2/2)">
                  <conditions>
                    <condition number="365" type="jump" coverage="100%" />
                  </conditions>
                </line>
                <line number="29" hits="4" branch="True" condition-coverage="100% (4/4)">
                  <conditions>
                    <condition number="385" type="jump" coverage="100%" />
                    <condition number="410" type="jump" coverage="100%" />
                  </conditions>
                </line>
                <line number="30" hits="1" branch="False" />
                <line number="32" hits="3" branch="False" />
                <line number="34" hits="3" branch="False" />
                <line number="35" hits="4" branch="False" />
              </lines>
            </method>
          </methods>
          <lines>
            <line number="22" hits="5" branch="False" />
            <line number="23" hits="5" branch="False" />
            <line number="24" hits="5" branch="False" />
            <line number="25" hits="5" branch="False" />
            <line number="27" hits="6" branch="True" condition-coverage="100% (2/2)">
              <conditions>
                <condition number="365" type="jump" coverage="100%" />
              </conditions>
            </line>
            <line number="29" hits="4" branch="True" condition-coverage="100% (4/4)">
              <conditions>
                <condition number="385" type="jump" coverage="100%" />
                <condition number="410" type="jump" coverage="100%" />
              </conditions>
            </line>
            <line number="30" hits="1" branch="False" />
            <line number="32" hits="3" branch="False" />
            <line number="34" hits="3" branch="False" />
            <line number="35" hits="4" branch="False" />
          </lines>
        </class>
        <class name="F1.API.Services.EquipeServices.Services.ReadEquipeService" filename="Desktop\joao.mantovani\Backend\dotnet\desafio-02-api\F1.API\Services\EquipeServices\Services\ReadEquipeService.cs" line-rate="1" branch-rate="1" complexity="1">
          <methods>
            <method name=".ctor" signature="(AutoMapper.IMapper,F1.Lib.Interfaces.Especificas.Query.IEquipeQuery)" line-rate="1" branch-rate="1" complexity="1">
              <lines>
                <line number="13" hits="16" branch="False" />
                <line number="14" hits="16" branch="False" />
                <line number="15" hits="16" branch="False" />
                <line number="16" hits="16" branch="False" />
                <line number="17" hits="16" branch="False" />
              </lines>
            </method>
          </methods>
          <lines>
            <line number="13" hits="16" branch="False" />
            <line number="14" hits="16" branch="False" />
            <line number="15" hits="16" branch="False" />
            <line number="16" hits="16" branch="False" />
            <line number="17" hits="16" branch="False" />
          </lines>
        </class>
        <class name="F1.API.Services.EquipeServices.Services.ReadEquipeService/&lt;LerEquipePorIdAsync&gt;d__3" filename="Desktop\joao.mantovani\Backend\dotnet\desafio-02-api\F1.API\Services\EquipeServices\Services\ReadEquipeService.cs" line-rate="1" branch-rate="1" complexity="2">
          <methods>
            <method name="MoveNext" signature="()" line-rate="1" branch-rate="1" complexity="2">
              <lines>
                <line number="20" hits="2" branch="False" />
                <line number="21" hits="2" branch="False" />
                <line number="23" hits="2" branch="True" condition-coverage="100% (2/2)">
                  <conditions>
                    <condition number="347" type="jump" coverage="100%" />
                  </conditions>
                </line>
                <line number="24" hits="2" branch="False" />
                <line number="25" hits="2" branch="False" />
                <line number="26" hits="2" branch="False" />
              </lines>
            </method>
          </methods>
          <lines>
            <line number="20" hits="2" branch="False" />
            <line number="21" hits="2" branch="False" />
            <line number="23" hits="2" branch="True" condition-coverage="100% (2/2)">
              <conditions>
                <condition number="347" type="jump" coverage="100%" />
              </conditions>
            </line>
            <line number="24" hits="2" branch="False" />
            <line number="25" hits="2" branch="False" />
            <line number="26" hits="2" branch="False" />
          </lines>
        </class>
        <class name="F1.API.Services.EquipeServices.Services.ReadEquipeService/&lt;LerEquipesAsync&gt;d__4" filename="Desktop\joao.mantovani\Backend\dotnet\desafio-02-api\F1.API\Services\EquipeServices\Services\ReadEquipeService.cs" line-rate="1" branch-rate="1" complexity="1">
          <methods>
            <method name="MoveNext" signature="()" line-rate="1" branch-rate="1" complexity="1">
              <lines>
                <line number="29" hits="2" branch="False" />
                <line number="30" hits="2" branch="False" />
                <line number="32" hits="2" branch="False" />
                <line number="33" hits="2" branch="False" />
              </lines>
            </method>
          </methods>
          <lines>
            <line number="29" hits="2" branch="False" />
            <line number="30" hits="2" branch="False" />
            <line number="32" hits="2" branch="False" />
            <line number="33" hits="2" branch="False" />
          </lines>
        </class>
        <class name="F1.API.Services.EquipeServices.Services.UpdateEquipeService" filename="Desktop\joao.mantovani\Backend\dotnet\desafio-02-api\F1.API\Services\EquipeServices\Services\UpdateEquipeService.cs" line-rate="1" branch-rate="1" complexity="1">
          <methods>
            <method name=".ctor" signature="(AutoMapper.IMapper,F1.Lib.Interfaces.Especificas.Query.IEquipeQuery,F1.Lib.Interfaces.Genericas.IRepositoryBase`1&lt;F1.Lib.Modelos.Equipe&gt;,F1.Lib.Interfaces.Genericas.IUnitOfWork)" line-rate="1" branch-rate="1" complexity="1">
              <lines>
                <line number="18" hits="16" branch="False" />
                <line number="19" hits="16" branch="False" />
                <line number="20" hits="16" branch="False" />
                <line number="21" hits="16" branch="False" />
                <line number="22" hits="16" branch="False" />
                <line number="23" hits="16" branch="False" />
                <line number="24" hits="16" branch="False" />
                <line number="25" hits="16" branch="False" />
              </lines>
            </method>
          </methods>
          <lines>
            <line number="18" hits="16" branch="False" />
            <line number="19" hits="16" branch="False" />
            <line number="20" hits="16" branch="False" />
            <line number="21" hits="16" branch="False" />
            <line number="22" hits="16" branch="False" />
            <line number="23" hits="16" branch="False" />
            <line number="24" hits="16" branch="False" />
            <line number="25" hits="16" branch="False" />
          </lines>
        </class>
        <class name="F1.API.Services.EquipeServices.Services.UpdateEquipeService/&lt;AtualizarEquipeAsync&gt;d__5" filename="Desktop\joao.mantovani\Backend\dotnet\desafio-02-api\F1.API\Services\EquipeServices\Services\UpdateEquipeService.cs" line-rate="1" branch-rate="1" complexity="6">
          <methods>
            <method name="MoveNext" signature="()" line-rate="1" branch-rate="1" complexity="6">
              <lines>
                <line number="28" hits="4" branch="False" />
                <line number="29" hits="4" branch="False" />
                <line number="31" hits="5" branch="True" condition-coverage="100% (2/2)">
                  <conditions>
                    <condition number="335" type="jump" coverage="100%" />
                  </conditions>
                </line>
                <line number="33" hits="3" branch="True" condition-coverage="100% (2/2)">
                  <conditions>
                    <condition number="389" type="jump" coverage="100%" />
                  </conditions>
                </line>
                <line number="34" hits="3" branch="False" />
                <line number="35" hits="3" branch="False" />
                <line number="36" hits="3" branch="False" />
                <line number="37" hits="3" branch="False" />
                <line number="38" hits="3" branch="False" />
                <line number="40" hits="3" branch="True" condition-coverage="100% (2/2)">
                  <conditions>
                    <condition number="828" type="jump" coverage="100%" />
                  </conditions>
                </line>
                <line number="41" hits="1" branch="False" />
                <line number="42" hits="2" branch="False" />
                <line number="44" hits="2" branch="False" />
                <line number="46" hits="2" branch="False" />
                <line number="48" hits="2" branch="False" />
                <line number="49" hits="3" branch="False" />
              </lines>
            </method>
          </methods>
          <lines>
            <line number="28" hits="4" branch="False" />
            <line number="29" hits="4" branch="False" />
            <line number="31" hits="5" branch="True" condition-coverage="100% (2/2)">
              <conditions>
                <condition number="335" type="jump" coverage="100%" />
              </conditions>
            </line>
            <line number="33" hits="3" branch="True" condition-coverage="100% (2/2)">
              <conditions>
                <condition number="389" type="jump" coverage="100%" />
              </conditions>
            </line>
            <line number="34" hits="3" branch="False" />
            <line number="35" hits="3" branch="False" />
            <line number="36" hits="3" branch="False" />
            <line number="37" hits="3" branch="False" />
            <line number="38" hits="3" branch="False" />
            <line number="40" hits="3" branch="True" condition-coverage="100% (2/2)">
              <conditions>
                <condition number="828" type="jump" coverage="100%" />
              </conditions>
            </line>
            <line number="41" hits="1" branch="False" />
            <line number="42" hits="2" branch="False" />
            <line number="44" hits="2" branch="False" />
            <line number="46" hits="2" branch="False" />
            <line number="48" hits="2" branch="False" />
            <line number="49" hits="3" branch="False" />
          </lines>
        </class>
        <class name="F1.API.Profiles.EquipeProfile" filename="Desktop\joao.mantovani\Backend\dotnet\desafio-02-api\F1.API\Profiles\EquipeProfile.cs" line-rate="1" branch-rate="1" complexity="1">
          <methods>
            <method name=".ctor" signature="()" line-rate="1" branch-rate="1" complexity="1">
              <lines>
                <line number="9" hits="1" branch="False" />
                <line number="10" hits="1" branch="False" />
                <line number="11" hits="1" branch="False" />
                <line number="12" hits="1" branch="False" />
                <line number="13" hits="1" branch="False" />
                <line number="15" hits="1" branch="False" />
                <line number="16" hits="1" branch="False" />
                <line number="17" hits="2" branch="False" />
                <line number="19" hits="1" branch="False" />
                <line number="20" hits="2" branch="False" />
                <line number="21" hits="2" branch="False" />
                <line number="23" hits="1" branch="False" />
                <line number="24" hits="1" branch="False" />
                <line number="25" hits="2" branch="False" />
                <line number="26" hits="1" branch="False" />
              </lines>
            </method>
          </methods>
          <lines>
            <line number="9" hits="1" branch="False" />
            <line number="10" hits="1" branch="False" />
            <line number="11" hits="1" branch="False" />
            <line number="12" hits="1" branch="False" />
            <line number="13" hits="1" branch="False" />
            <line number="15" hits="1" branch="False" />
            <line number="16" hits="1" branch="False" />
            <line number="17" hits="2" branch="False" />
            <line number="19" hits="1" branch="False" />
            <line number="20" hits="2" branch="False" />
            <line number="21" hits="2" branch="False" />
            <line number="23" hits="1" branch="False" />
            <line number="24" hits="1" branch="False" />
            <line number="25" hits="2" branch="False" />
            <line number="26" hits="1" branch="False" />
          </lines>
        </class>
        <class name="F1.API.Profiles.GpProfile" filename="Desktop\joao.mantovani\Backend\dotnet\desafio-02-api\F1.API\Profiles\GpProfile.cs" line-rate="1" branch-rate="1" complexity="1">
          <methods>
            <method name=".ctor" signature="()" line-rate="1" branch-rate="1" complexity="1">
              <lines>
                <line number="9" hits="1" branch="False" />
                <line number="10" hits="1" branch="False" />
                <line number="11" hits="1" branch="False" />
                <line number="12" hits="1" branch="False" />
                <line number="13" hits="1" branch="False" />
                <line number="15" hits="1" branch="False" />
                <line number="16" hits="2" branch="False" />
                <line number="18" hits="1" branch="False" />
                <line number="19" hits="1" branch="False" />
                <line number="20" hits="2" branch="False" />
                <line number="22" hits="1" branch="False" />
                <line number="23" hits="1" branch="False" />
                <line number="24" hits="2" branch="False" />
                <line number="25" hits="1" branch="False" />
              </lines>
            </method>
          </methods>
          <lines>
            <line number="9" hits="1" branch="False" />
            <line number="10" hits="1" branch="False" />
            <line number="11" hits="1" branch="False" />
            <line number="12" hits="1" branch="False" />
            <line number="13" hits="1" branch="False" />
            <line number="15" hits="1" branch="False" />
            <line number="16" hits="2" branch="False" />
            <line number="18" hits="1" branch="False" />
            <line number="19" hits="1" branch="False" />
            <line number="20" hits="2" branch="False" />
            <line number="22" hits="1" branch="False" />
            <line number="23" hits="1" branch="False" />
            <line number="24" hits="2" branch="False" />
            <line number="25" hits="1" branch="False" />
          </lines>
        </class>
        <class name="F1.API.Profiles.PilotoProfile" filename="Desktop\joao.mantovani\Backend\dotnet\desafio-02-api\F1.API\Profiles\PilotoProfile.cs" line-rate="1" branch-rate="1" complexity="1">
          <methods>
            <method name=".ctor" signature="()" line-rate="1" branch-rate="1" complexity="1">
              <lines>
                <line number="9" hits="1" branch="False" />
                <line number="10" hits="1" branch="False" />
                <line number="11" hits="1" branch="False" />
                <line number="12" hits="1" branch="False" />
                <line number="13" hits="1" branch="False" />
                <line number="15" hits="1" branch="False" />
                <line number="16" hits="1" branch="False" />
                <line number="17" hits="2" branch="False" />
                <line number="18" hits="2" branch="False" />
                <line number="20" hits="1" branch="False" />
                <line number="21" hits="1" branch="False" />
                <line number="22" hits="1" branch="False" />
                <line number="23" hits="2" branch="False" />
                <line number="25" hits="1" branch="False" />
                <line number="26" hits="1" branch="False" />
                <line number="27" hits="1" branch="False" />
                <line number="28" hits="2" branch="False" />
                <line number="29" hits="1" branch="False" />
              </lines>
            </method>
          </methods>
          <lines>
            <line number="9" hits="1" branch="False" />
            <line number="10" hits="1" branch="False" />
            <line number="11" hits="1" branch="False" />
            <line number="12" hits="1" branch="False" />
            <line number="13" hits="1" branch="False" />
            <line number="15" hits="1" branch="False" />
            <line number="16" hits="1" branch="False" />
            <line number="17" hits="2" branch="False" />
            <line number="18" hits="2" branch="False" />
            <line number="20" hits="1" branch="False" />
            <line number="21" hits="1" branch="False" />
            <line number="22" hits="1" branch="False" />
            <line number="23" hits="2" branch="False" />
            <line number="25" hits="1" branch="False" />
            <line number="26" hits="1" branch="False" />
            <line number="27" hits="1" branch="False" />
            <line number="28" hits="2" branch="False" />
            <line number="29" hits="1" branch="False" />
          </lines>
        </class>
        <class name="F1.API.Data.F1Context" filename="Desktop\joao.mantovani\Backend\dotnet\desafio-02-api\F1.API\Data\F1Context.cs" line-rate="0" branch-rate="1" complexity="5">
          <methods>
            <method name="get_Pilotos" signature="()" line-rate="0" branch-rate="1" complexity="1">
              <lines>
                <line number="10" hits="0" branch="False" />
              </lines>
            </method>
            <method name="get_Equipes" signature="()" line-rate="0" branch-rate="1" complexity="1">
              <lines>
                <line number="11" hits="0" branch="False" />
              </lines>
            </method>
            <method name="get_GrandesPremios" signature="()" line-rate="0" branch-rate="1" complexity="1">
              <lines>
                <line number="12" hits="0" branch="False" />
              </lines>
            </method>
            <method name="OnModelCreating" signature="(Microsoft.EntityFrameworkCore.ModelBuilder)" line-rate="0" branch-rate="1" complexity="1">
              <lines>
                <line number="15" hits="0" branch="False" />
                <line number="16" hits="0" branch="False" />
                <line number="17" hits="0" branch="False" />
              </lines>
            </method>
            <method name=".ctor" signature="(Microsoft.EntityFrameworkCore.DbContextOptions`1&lt;F1.API.Data.F1Context&gt;)" line-rate="0" branch-rate="1" complexity="1">
              <lines>
                <line number="9" hits="0" branch="False" />
              </lines>
            </method>
          </methods>
          <lines>
            <line number="10" hits="0" branch="False" />
            <line number="11" hits="0" branch="False" />
            <line number="12" hits="0" branch="False" />
            <line number="15" hits="0" branch="False" />
            <line number="16" hits="0" branch="False" />
            <line number="17" hits="0" branch="False" />
            <line number="9" hits="0" branch="False" />
          </lines>
        </class>
        <class name="F1.API.Data.Repositories.Genericos.QueryBase`1" filename="Desktop\joao.mantovani\Backend\dotnet\desafio-02-api\F1.API\Data\Repositories\Genericos\QueryBase.cs" line-rate="0" branch-rate="1" complexity="1">
          <methods>
            <method name=".ctor" signature="(F1.API.Data.F1Context)" line-rate="0" branch-rate="1" complexity="1">
              <lines>
                <line number="12" hits="0" branch="False" />
                <line number="13" hits="0" branch="False" />
                <line number="14" hits="0" branch="False" />
                <line number="15" hits="0" branch="False" />
              </lines>
            </method>
          </methods>
          <lines>
            <line number="12" hits="0" branch="False" />
            <line number="13" hits="0" branch="False" />
            <line number="14" hits="0" branch="False" />
            <line number="15" hits="0" branch="False" />
          </lines>
        </class>
        <class name="F1.API.Data.Repositories.Genericos.QueryBase`1/&lt;BuscarPorPropriedadeAsync&gt;d__2" filename="Desktop\joao.mantovani\Backend\dotnet\desafio-02-api\F1.API\Data\Repositories\Genericos\QueryBase.cs" line-rate="0" branch-rate="0" complexity="4">
          <methods>
            <method name="MoveNext" signature="()" line-rate="0" branch-rate="0" complexity="4">
              <lines>
                <line number="18" hits="0" branch="False" />
                <line number="19" hits="0" branch="False" />
                <line number="21" hits="0" branch="True" condition-coverage="0% (0/2)">
                  <conditions>
                    <condition number="57" type="jump" coverage="0%" />
                  </conditions>
                </line>
                <line number="22" hits="0" branch="False" />
                <line number="23" hits="0" branch="True" condition-coverage="0% (0/2)">
                  <conditions>
                    <condition number="145" type="jump" coverage="0%" />
                  </conditions>
                </line>
                <line number="24" hits="0" branch="False" />
                <line number="25" hits="0" branch="False" />
                <line number="26" hits="0" branch="False" />
                <line number="27" hits="0" branch="False" />
                <line number="29" hits="0" branch="False" />
                <line number="30" hits="0" branch="False" />
              </lines>
            </method>
          </methods>
          <lines>
            <line number="18" hits="0" branch="False" />
            <line number="19" hits="0" branch="False" />
            <line number="21" hits="0" branch="True" condition-coverage="0% (0/2)">
              <conditions>
                <condition number="57" type="jump" coverage="0%" />
              </conditions>
            </line>
            <line number="22" hits="0" branch="False" />
            <line number="23" hits="0" branch="True" condition-coverage="0% (0/2)">
              <conditions>
                <condition number="145" type="jump" coverage="0%" />
              </conditions>
            </line>
            <line number="24" hits="0" branch="False" />
            <line number="25" hits="0" branch="False" />
            <line number="26" hits="0" branch="False" />
            <line number="27" hits="0" branch="False" />
            <line number="29" hits="0" branch="False" />
            <line number="30" hits="0" branch="False" />
          </lines>
        </class>
        <class name="F1.API.Data.Repositories.Genericos.QueryBase`1/&lt;ContarAsync&gt;d__4" filename="Desktop\joao.mantovani\Backend\dotnet\desafio-02-api\F1.API\Data\Repositories\Genericos\QueryBase.cs" line-rate="0" branch-rate="1" complexity="1">
          <methods>
            <method name="MoveNext" signature="()" line-rate="0" branch-rate="1" complexity="1">
              <lines>
                <line number="48" hits="0" branch="False" />
                <line number="49" hits="0" branch="False" />
                <line number="50" hits="0" branch="False" />
              </lines>
            </method>
          </methods>
          <lines>
            <line number="48" hits="0" branch="False" />
            <line number="49" hits="0" branch="False" />
            <line number="50" hits="0" branch="False" />
          </lines>
        </class>
[...]
          <methods>
            <method name="GerarCreate" signature="()" line-rate="1" branch-rate="1" complexity="1">
              <lines>
                <line number="9" hits="3" branch="False" />
                <line number="10" hits="3" branch="False" />
                <line number="11" hits="6" branch="False" />
                <line number="12" hits="3" branch="False" />
              </lines>
            </method>
            <method name="GerarRead" signature="()" line-rate="1" branch-rate="1" complexity="1">
              <lines>
                <line number="15" hits="2" branch="False" />
                <line number="16" hits="2" branch="False" />
                <line number="17" hits="2" branch="False" />
                <line number="18" hits="4" branch="False" />
                <line number="19" hits="2" branch="False" />
              </lines>
            </method>
            <method name="GerarUpdate" signature="()" line-rate="1" branch-rate="1" complexity="1">
              <lines>
                <line number="22" hits="4" branch="False" />
                <line number="23" hits="4" branch="False" />
                <line number="24" hits="8" branch="False" />
                <line number="25" hits="4" branch="False" />
              </lines>
            </method>
          </methods>
          <lines>
            <line number="9" hits="3" branch="False" />
            <line number="10" hits="3" branch="False" />
            <line number="11" hits="6" branch="False" />
            <line number="12" hits="3" branch="False" />
            <line number="15" hits="2" branch="False" />
            <line number="16" hits="2" branch="False" />
            <line number="17" hits="2" branch="False" />
            <line number="18" hits="4" branch="False" />
            <line number="19" hits="2" branch="False" />
            <line number="22" hits="4" branch="False" />
            <line number="23" hits="4" branch="False" />
            <line number="24" hits="8" branch="False" />
            <line number="25" hits="4" branch="False" />
          </lines>
        </class>
        <class name="F1.Teste.Bogus.EquipeFaker" filename="Desktop\joao.mantovani\Backend\dotnet\desafio-02-api\F1.Teste\Bogus\EquipeFaker.cs" line-rate="1" branch-rate="1" complexity="1">
          <methods>
            <method name="Gerar" signature="()" line-rate="1" branch-rate="1" complexity="1">
              <lines>
                <line number="9" hits="22" branch="False" />
                <line number="10" hits="22" branch="False" />
                <line number="11" hits="31" branch="False" />
                <line number="12" hits="53" branch="False" />
                <line number="13" hits="22" branch="False" />
              </lines>
            </method>
          </methods>
          <lines>
            <line number="9" hits="22" branch="False" />
            <line number="10" hits="22" branch="False" />
            <line number="11" hits="31" branch="False" />
            <line number="12" hits="53" branch="False" />
            <line number="13" hits="22" branch="False" />
          </lines>
        </class>
        <class name="F1.Teste.Bogus.GPFaker" filename="Desktop\joao.mantovani\Backend\dotnet\desafio-02-api\F1.Teste\Bogus\GPFaker.cs" line-rate="1" branch-rate="1" complexity="1">
          <methods>
            <method name="Gerar" signature="()" line-rate="1" branch-rate="1" complexity="1">
              <lines>
                <line number="9" hits="13" branch="False" />
                <line number="10" hits="13" branch="False" />
                <line number="11" hits="13" branch="False" />
                <line number="12" hits="13" branch="False" />
                <line number="13" hits="13" branch="False" />
                <line number="14" hits="13" branch="False" />
                <line number="15" hits="13" branch="False" />
                <line number="16" hits="13" branch="False" />
                <line number="17" hits="13" branch="False" />
                <line number="18" hits="13" branch="False" />
                <line number="19" hits="13" branch="False" />
                <line number="20" hits="13" branch="False" />
                <line number="21" hits="13" branch="False" />
                <line number="23" hits="13" branch="False" />
                <line number="25" hits="13" branch="False" />
                <line number="27" hits="13" branch="False" />
                <line number="28" hits="13" branch="False" />
                <line number="29" hits="17" branch="False" />
                <line number="30" hits="17" branch="False" />
                <line number="31" hits="17" branch="False" />
                <line number="32" hits="17" branch="False" />
                <line number="33" hits="17" branch="False" />
                <line number="34" hits="17" branch="False" />
                <line number="35" hits="17" branch="False" />
                <line number="36" hits="17" branch="False" />
                <line number="37" hits="17" branch="False" />
                <line number="38" hits="17" branch="False" />
                <line number="39" hits="17" branch="False" />
                <line number="40" hits="17" branch="False" />
                <line number="41" hits="30" branch="False" />
                <line number="43" hits="13" branch="False" />
              </lines>
            </method>
          </methods>
          <lines>
            <line number="9" hits="13" branch="False" />
            <line number="10" hits="13" branch="False" />
            <line number="11" hits="13" branch="False" />
            <line number="12" hits="13" branch="False" />
            <line number="13" hits="13" branch="False" />
            <line number="14" hits="13" branch="False" />
            <line number="15" hits="13" branch="False" />
            <line number="16" hits="13" branch="False" />
            <line number="17" hits="13" branch="False" />
            <line number="18" hits="13" branch="False" />
            <line number="19" hits="13" branch="False" />
            <line number="20" hits="13" branch="False" />
            <line number="21" hits="13" branch="False" />
            <line number="23" hits="13" branch="False" />
            <line number="25" hits="13" branch="False" />
            <line number="27" hits="13" branch="False" />
            <line number="28" hits="13" branch="False" />
            <line number="29" hits="17" branch="False" />
            <line number="30" hits="17" branch="False" />
            <line number="31" hits="17" branch="False" />
            <line number="32" hits="17" branch="False" />
            <line number="33" hits="17" branch="False" />
            <line number="34" hits="17" branch="False" />
            <line number="35" hits="17" branch="False" />
            <line number="36" hits="17" branch="False" />
            <line number="37" hits="17" branch="False" />
            <line number="38" hits="17" branch="False" />
            <line number="39" hits="17" branch="False" />
            <line number="40" hits="17" branch="False" />
            <line number="41" hits="30" branch="False" />
            <line number="43" hits="13" branch="False" />
          </lines>
        </class>
        <class name="F1.Teste.Bogus.GrandePremioDTOFaker" filename="Desktop\joao.mantovani\Backend\dotnet\desafio-02-api\F1.Teste\Bogus\GrandePremioDTOFaker.cs" line-rate="1" branch-rate="1" complexity="3">
          <methods>
            <method name="GerarCreate" signature="()" line-rate="1" branch-rate="1" complexity="1">
              <lines>
                <line number="9" hits="4" branch="False" />
                <line number="10" hits="4" branch="False" />
                <line number="11" hits="4" branch="False" />
                <line number="12" hits="4" branch="False" />
                <line number="13" hits="4" branch="False" />
                <line number="14" hits="8" branch="False" />
                <line number="15" hits="4" branch="False" />
              </lines>
            </method>
            <method name="GerarRead" signature="()" line-rate="1" branch-rate="1" complexity="1">
              <lines>
                <line number="18" hits="2" branch="False" />
                <line number="19" hits="2" branch="False" />
                <line number="20" hits="2" branch="False" />
                <line number="21" hits="2" branch="False" />
                <line number="22" hits="4" branch="False" />
                <line number="23" hits="2" branch="False" />
              </lines>
            </method>
            <method name="GerarUpdate" signature="()" line-rate="1" branch-rate="1" complexity="1">
              <lines>
                <line number="26" hits="5" branch="False" />
                <line number="27" hits="5" branch="False" />
                <line number="28" hits="5" branch="False" />
                <line number="29" hits="5" branch="False" />
                <line number="30" hits="5" branch="False" />
                <line number="31" hits="10" branch="False" />
                <line number="32" hits="5" branch="False" />
              </lines>
            </method>
          </methods>
          <lines>
            <line number="9" hits="4" branch="False" />
            <line number="10" hits="4" branch="False" />
            <line number="11" hits="4" branch="False" />
            <line number="12" hits="4" branch="False" />
            <line number="13" hits="4" branch="False" />
            <line number="14" hits="8" branch="False" />
            <line number="15" hits="4" branch="False" />
            <line number="18" hits="2" branch="False" />
            <line number="19" hits="2" branch="False" />
            <line number="20" hits="2" branch="False" />
            <line number="21" hits="2" branch="False" />
            <line number="22" hits="4" branch="False" />
            <line number="23" hits="2" branch="False" />
            <line number="26" hits="5" branch="False" />
            <line number="27" hits="5" branch="False" />
            <line number="28" hits="5" branch="False" />
            <line number="29" hits="5" branch="False" />
            <line number="30" hits="5" branch="False" />
            <line number="31" hits="10" branch="False" />
            <line number="32" hits="5" branch="False" />
          </lines>
        </class>
        <class name="F1.Teste.Bogus.PilotoDTOFaker" filename="Desktop\joao.mantovani\Backend\dotnet\desafio-02-api\F1.Teste\Bogus\PilotoDTOFaker.cs" line-rate="1" branch-rate="1" complexity="3">
          <methods>
            <method name="GerarCreate" signature="()" line-rate="1" branch-rate="1" complexity="1">
              <lines>
                <line number="9" hits="4" branch="False" />
                <line number="10" hits="4" branch="False" />
                <line number="11" hits="4" branch="False" />
                <line number="12" hits="4" branch="False" />
                <line number="13" hits="4" branch="False" />
                <line number="14" hits="4" branch="False" />
                <line number="15" hits="8" branch="False" />
                <line number="16" hits="4" branch="False" />
              </lines>
            </method>
            <method name="GerarRead" signature="()" line-rate="1" branch-rate="1" complexity="1">
              <lines>
                <line number="19" hits="2" branch="False" />
                <line number="20" hits="2" branch="False" />
                <line number="21" hits="2" branch="False" />
                <line number="22" hits="2" branch="False" />
                <line number="23" hits="2" branch="False" />
                <line number="24" hits="2" branch="False" />
                <line number="25" hits="4" branch="False" />
                <line number="26" hits="2" branch="False" />
              </lines>
            </method>
            <method name="GerarUpdate" signature="()" line-rate="1" branch-rate="1" complexity="1">
              <lines>
                <line number="29" hits="5" branch="False" />
                <line number="30" hits="5" branch="False" />
                <line number="31" hits="5" branch="False" />
                <line number="32" hits="5" branch="False" />
                <line number="33" hits="5" branch="False" />
                <line number="34" hits="5" branch="False" />
                <line number="35" hits="10" branch="False" />
                <line number="36" hits="5" branch="False" />
              </lines>
            </method>
          </methods>
          <lines>
            <line number="9" hits="4" branch="False" />
            <line number="10" hits="4" branch="False" />
            <line number="11" hits="4" branch="False" />
            <line number="12" hits="4" branch="False" />
            <line number="13" hits="4" branch="False" />
            <line number="14" hits="4" branch="False" />
            <line number="15" hits="8" branch="False" />
            <line number="16" hits="4" branch="False" />
            <line number="19" hits="2" branch="False" />
            <line number="20" hits="2" branch="False" />
            <line number="21" hits="2" branch="False" />
            <line number="22" hits="2" branch="False" />
            <line number="23" hits="2" branch="False" />
            <line number="24" hits="2" branch="False" />
            <line number="25" hits="4" branch="False" />
            <line number="26" hits="2" branch="False" />
            <line number="29" hits="5" branch="False" />
            <line number="30" hits="5" branch="False" />
            <line number="31" hits="5" branch="False" />
            <line number="32" hits="5" branch="False" />
            <line number="33" hits="5" branch="False" />
            <line number="34" hits="5" branch="False" />
            <line number="35" hits="10" branch="False" />
            <line number="36" hits="5" branch="False" />
          </lines>
        </class>
        <class name="F1.Teste.Bogus.PilotoFaker" filename="Desktop\joao.mantovani\Backend\dotnet\desafio-02-api\F1.Teste\Bogus\PilotoFaker.cs" line-rate="1" branch-rate="1" complexity="1">
          <methods>
            <method name="Gerar" signature="()" line-rate="1" branch-rate="1" complexity="1">
              <lines>
                <line number="9" hits="30" branch="False" />
                <line number="10" hits="30" branch="False" />
                <line number="11" hits="35" branch="False" />
                <line number="12" hits="35" branch="False" />
                <line number="13" hits="35" branch="False" />
                <line number="14" hits="35" branch="False" />
                <line number="15" hits="35" branch="False" />
                <line number="16" hits="65" branch="False" />
                <line number="17" hits="30" branch="False" />
              </lines>
            </method>
          </methods>
          <lines>
            <line number="9" hits="30" branch="False" />
            <line number="10" hits="30" branch="False" />
            <line number="11" hits="35" branch="False" />
            <line number="12" hits="35" branch="False" />
            <line number="13" hits="35" branch="False" />
            <line number="14" hits="35" branch="False" />
            <line number="15" hits="35" branch="False" />
            <line number="16" hits="65" branch="False" />
            <line number="17" hits="30" branch="False" />
          </lines>
        </class>
        <class name="F1.Teste.Bogus.RelatorioDTOFaker" filename="Desktop\joao.mantovani\Backend\dotnet\desafio-02-api\F1.Teste\Bogus\RelatorioDTOFaker.cs" line-rate="1" branch-rate="1" complexity="1">
          <methods>
            <method name="Gerar" signature="()" line-rate="1" branch-rate="1" complexity="1">
              <lines>
                <line number="9" hits="1" branch="False" />
                <line number="10" hits="1" branch="False" />
                <line number="11" hits="1" branch="False" />
                <line number="12" hits="1" branch="False" />
                <line number="13" hits="1" branch="False" />
                <line number="14" hits="1" branch="False" />
                <line number="15" hits="1" branch="False" />
                <line number="16" hits="2" branch="False" />
                <line number="17" hits="1" branch="False" />
              </lines>
            </method>
          </methods>
          <lines>
            <line number="9" hits="1" branch="False" />
            <line number="10" hits="1" branch="False" />
            <line number="11" hits="1" branch="False" />
            <line number="12" hits="1" branch="False" />
            <line number="13" hits="1" branch="False" />
            <line number="14" hits="1" branch="False" />
            <line number="15" hits="1" branch="False" />
            <line number="16" hits="2" branch="False" />
            <line number="17" hits="1" branch="False" />
          </lines>
        </class>
        <class name="F1.Teste.AutoFixture.AutoMoqDataAttribute" filename="Desktop\joao.mantovani\Backend\dotnet\desafio-02-api\F1.Teste\AutoFixture\AutoMoqDataAttribute.cs" line-rate="1" branch-rate="1" complexity="1">
          <methods>
            <method name=".ctor" signature="()" line-rate="1" branch-rate="1" complexity="1">
              <lines>
                <line number="10" hits="78" branch="False" />
                <line number="11" hits="39" branch="False" />
                <line number="12" hits="39" branch="False" />
                <line number="13" hits="78" branch="False" />
                <line number="14" hits="39" branch="False" />
                <line number="15" hits="78" branch="False" />
                <line number="16" hits="39" branch="False" />
                <line number="17" hits="78" branch="False" />
                <line number="18" hits="39" branch="False" />
                <line number="19" hits="78" branch="False" />
                <line number="20" hits="78" branch="False" />
                <line number="21" hits="78" branch="False" />
                <line number="22" hits="78" branch="False" />
                <line number="23" hits="78" branch="False" />
                <line number="24" hits="78" branch="False" />
                <line number="25" hits="39" branch="False" />
                <line number="26" hits="117" branch="False" />
                <line number="27" hits="156" branch="False" />
              </lines>
            </method>
          </methods>
          <lines>
            <line number="10" hits="78" branch="False" />
            <line number="11" hits="39" branch="False" />
            <line number="12" hits="39" branch="False" />
            <line number="13" hits="78" branch="False" />
            <line number="14" hits="39" branch="False" />
            <line number="15" hits="78" branch="False" />
            <line number="16" hits="39" branch="False" />
            <line number="17" hits="78" branch="False" />
            <line number="18" hits="39" branch="False" />
            <line number="19" hits="78" branch="False" />
            <line number="20" hits="78" branch="False" />
            <line number="21" hits="78" branch="False" />
            <line number="22" hits="78" branch="False" />
            <line number="23" hits="78" branch="False" />
            <line number="24" hits="78" branch="False" />
            <line number="25" hits="39" branch="False" />
            <line number="26" hits="117" branch="False" />
            <line number="27" hits="156" branch="False" />
          </lines>
        </class>
      </classes>
    </package>
  </packages>
</coverage>